<?xml version="1.0" encoding="UTF-8"?>
<testsuite xmlns:xsi="http://www.w3.org/2001/XMLSchema-instance" xsi:noNamespaceSchemaLocation="https://maven.apache.org/surefire/maven-surefire-plugin/xsd/surefire-test-report-3.0.xsd" version="3.0" name="com.bbva.tinfoilhat.ChatBotTest" time="18.386" tests="1" errors="0" skipped="0" failures="0">
  <properties>
[...]
</properties>
  <testcase name="testHelloEndpoint" classname="com.bbva.tinfoilhat.ChatBotTest" time="4.995">
    <system-out><![CDATA[2020-11-25 13:23:19,137 INFO  [io.quarkus] (main) Quarkus 1.9.2.Final on JVM started in 6.487s. Listening on: http://0.0.0.0:8081
2020-11-25 13:23:19,138 INFO  [io.quarkus] (main) Profile test activated. 
2020-11-25 13:23:19,138 INFO  [io.quarkus] (main) Installed features: [cdi, resteasy]
]]></system-out>
  </testcase>
</testsuite>